<?xml version="1.0" encoding="UTF-8"?>
<!-- Generated by org.testng.reporters.JUnitReportReporter -->
<testsuite skipped="0" hostname="DESKTOP-0FSG9OD" name="testMethods.TestMethod" tests="1" failures="0" timestamp="23 Jul 2020 17:51:10 GMT" time="131.157" errors="0">
  <testcase name="test1" time="131.157" classname="testMethods.TestMethod"/>
</testsuite> <!-- testMethods.TestMethod -->
